----------------------Start-----------------------
f -> [05/02/17 05/02/17 - 4.792213439941406e-05 - 1]
g -> [05/02/17 05/02/17 - 5.507469177246094e-05 - 1]
g -> [05/02/17 05/02/17 - 4.38690185546875e-05 - 2]
f -> [05/02/17 05/02/17 - 5.316734313964844e-05 - 2]
g -> [05/02/17 05/02/17 - 4.100799560546875e-05 - 3]
g -> [05/02/17 05/02/17 - 3.0994415283203125e-05 - 4]
g -> [05/02/17 05/02/17 - 4.38690185546875e-05 - 5]
f -> [05/02/17 05/02/17 - 4.1961669921875e-05 - 3]
g -> [05/02/17 05/02/17 - 5.1975250244140625e-05 - 6]
f -> [05/02/17 05/02/17 - 7.104873657226562e-05 - 4]
f -> [05/02/17 05/02/17 - 7.009506225585938e-05 - 5]
f -> [05/02/17 05/02/17 - 3.3855438232421875e-05 - 6]
f -> [05/02/17 05/02/17 - 2.7179718017578125e-05 - 7]
g -> [05/02/17 05/02/17 - 8.296966552734375e-05 - 7]
f -> [05/02/17 05/02/17 - 5.1021575927734375e-05 - 8]
f -> [05/02/17 05/02/17 - 4.00543212890625e-05 - 9]
g -> [05/02/17 05/02/17 - 2.8848648071289062e-05 - 8]
f -> [05/02/17 05/02/17 - 5.1975250244140625e-05 - 10]
g -> [05/02/17 05/02/17 - 7.104873657226562e-05 - 9]
f -> [05/02/17 05/02/17 - 4.8160552978515625e-05 - 11]
g -> [05/02/17 05/02/17 - 3.3855438232421875e-05 - 10]
g -> [05/02/17 05/02/17 - 0.0003199577331542969 - 11]
f -> [05/02/17 05/02/17 - 3.0994415283203125e-05 - 12]
g -> [05/02/17 05/02/17 - 6.413459777832031e-05 - 12]
g -> [05/02/17 05/02/17 - 2.9087066650390625e-05 - 13]
f -> [05/02/17 05/02/17 - 4.506111145019531e-05 - 13]
f -> [05/02/17 05/02/17 - 2.8133392333984375e-05 - 14]
f -> [05/02/17 05/02/17 - 4.696846008300781e-05 - 15]
g -> [05/02/17 05/02/17 - 7.176399230957031e-05 - 14]
g -> [05/02/17 05/02/17 - 3.600120544433594e-05 - 15]
f -> [05/02/17 05/02/17 - 4.291534423828125e-05 - 16]
g -> [05/02/17 05/02/17 - 4.315376281738281e-05 - 16]
g -> [05/02/17 05/02/17 - 0.00011014938354492188 - 17]
f -> [05/02/17 05/02/17 - 6.508827209472656e-05 - 17]
----------------------Start-----------------------
f -> [05/02/17 05/02/17 - 0.00025582313537597656 - 1]
g -> [05/02/17 05/02/17 - 4.792213439941406e-05 - 1]
g -> [05/02/17 05/02/17 - 3.504753112792969e-05 - 2]
f -> [05/02/17 05/02/17 - 3.814697265625e-05 - 2]
f -> [05/02/17 05/02/17 - 4.410743713378906e-05 - 3]
f -> [05/02/17 05/02/17 - 3.600120544433594e-05 - 4]
f -> [05/02/17 05/02/17 - 2.288818359375e-05 - 5]
g -> [05/02/17 05/02/17 - 3.0040740966796875e-05 - 3]
g -> [05/02/17 05/02/17 - 3.4809112548828125e-05 - 4]
g -> [05/02/17 05/02/17 - 2.6941299438476562e-05 - 5]
g -> [05/02/17 05/02/17 - 4.315376281738281e-05 - 6]
g -> [05/02/17 05/02/17 - 3.314018249511719e-05 - 7]
f -> [05/02/17 05/02/17 - 3.600120544433594e-05 - 6]
f -> [05/02/17 05/02/17 - 3.600120544433594e-05 - 7]
g -> [05/02/17 05/02/17 - 3.1948089599609375e-05 - 8]
f -> [05/02/17 05/02/17 - 2.8133392333984375e-05 - 8]
g -> [05/02/17 05/02/17 - 3.2901763916015625e-05 - 9]
g -> [05/02/17 05/02/17 - 4.696846008300781e-05 - 10]
g -> [05/02/17 05/02/17 - 3.886222839355469e-05 - 11]
g -> [05/02/17 05/02/17 - 2.7894973754882812e-05 - 12]
f -> [05/02/17 05/02/17 - 3.814697265625e-05 - 9]
g -> [05/02/17 05/02/17 - 4.1961669921875e-05 - 13]
g -> [05/02/17 05/02/17 - 2.6941299438476562e-05 - 14]
f -> [05/02/17 05/02/17 - 2.5987625122070312e-05 - 10]
f -> [05/02/17 05/02/17 - 2.8133392333984375e-05 - 11]
g -> [05/02/17 05/02/17 - 0.00015091896057128906 - 15]
g -> [05/02/17 05/02/17 - 9.298324584960938e-05 - 16]
f -> [05/02/17 05/02/17 - 2.193450927734375e-05 - 12]
f -> [05/02/17 05/02/17 - 6.508827209472656e-05 - 13]
f -> [05/02/17 05/02/17 - 2.6941299438476562e-05 - 14]
